<?xml version="1.0" encoding="UTF-8"?>
<testng-results ignored="0" total="10" passed="10" failed="0" skipped="0">
  <reporter-output>
  </reporter-output>
  <suite started-at="2023-02-16T15:37:40 ICT" name="All Test Suite" finished-at="2023-02-16T15:37:43 ICT" duration-ms="3490">
    <groups>
    </groups>
    <test started-at="2023-02-16T15:37:40 ICT" name="C:/Users/NhatAnh/Desktop/IdeaProjects/bookstore" finished-at="2023-02-16T15:37:43 ICT" duration-ms="3490">
      <class name="integrationTest.UserTest">
        <test-method is-config="true" signature="setUp()[pri:0, instance:integrationTest.UserTest@305b7c14]" started-at="2023-02-16T15:37:40 ICT" name="setUp" finished-at="2023-02-16T15:37:40 ICT" duration-ms="40" status="PASS">
          <reporter-output>
          </reporter-output>
        </test-method> <!-- setUp -->
        <test-method signature="sendRegistrationRequest()[pri:0, instance:integrationTest.UserTest@305b7c14]" started-at="2023-02-16T15:37:40 ICT" name="sendRegistrationRequest" finished-at="2023-02-16T15:37:41 ICT" duration-ms="1096" status="PASS">
          <reporter-output>
          </reporter-output>
        </test-method> <!-- sendRegistrationRequest -->
        <test-method signature="getJwtTokenFailed()[pri:0, instance:integrationTest.UserTest@305b7c14]" started-at="2023-02-16T15:37:41 ICT" name="getJwtTokenFailed" finished-at="2023-02-16T15:37:41 ICT" depends-on-methods="integrationTest.UserTest.sendRegistrationRequest" duration-ms="110" status="PASS">
          <reporter-output>
          </reporter-output>
        </test-method> <!-- getJwtTokenFailed -->
        <test-method signature="getJwtTokenSuccessful()[pri:0, instance:integrationTest.UserTest@305b7c14]" started-at="2023-02-16T15:37:41 ICT" name="getJwtTokenSuccessful" finished-at="2023-02-16T15:37:41 ICT" depends-on-methods="integrationTest.UserTest.sendRegistrationRequest" duration-ms="158" status="PASS">
          <reporter-output>
          </reporter-output>
        </test-method> <!-- getJwtTokenSuccessful -->
        <test-method signature="getUserRequest()[pri:0, instance:integrationTest.UserTest@305b7c14]" started-at="2023-02-16T15:37:41 ICT" name="getUserRequest" finished-at="2023-02-16T15:37:41 ICT" depends-on-methods="integrationTest.UserTest.sendRegistrationRequest" duration-ms="16" status="PASS">
          <reporter-output>
          </reporter-output>
        </test-method> <!-- getUserRequest -->
        <test-method signature="sendChangePasswordRequestFailed()[pri:0, instance:integrationTest.UserTest@305b7c14]" started-at="2023-02-16T15:37:41 ICT" name="sendChangePasswordRequestFailed" finished-at="2023-02-16T15:37:42 ICT" depends-on-methods="integrationTest.UserTest.getJwtTokenSuccessful" duration-ms="120" status="PASS">
          <reporter-output>
          </reporter-output>
        </test-method> <!-- sendChangePasswordRequestFailed -->
        <test-method signature="sendChangePasswordRequestSuccessful()[pri:0, instance:integrationTest.UserTest@305b7c14]" started-at="2023-02-16T15:37:42 ICT" name="sendChangePasswordRequestSuccessful" finished-at="2023-02-16T15:37:42 ICT" depends-on-methods="integrationTest.UserTest.getJwtTokenSuccessful" duration-ms="213" status="PASS">
          <reporter-output>
          </reporter-output>
        </test-method> <!-- sendChangePasswordRequestSuccessful -->
      </class> <!-- integrationTest.UserTest -->
      <class name="unitTest.UserTest">
        <test-method is-config="true" signature="setUp()[pri:0, instance:unitTest.UserTest@3c3d9b6b]" started-at="2023-02-16T15:37:42 ICT" name="setUp" finished-at="2023-02-16T15:37:43 ICT" duration-ms="1580" status="PASS">
          <reporter-output>
          </reporter-output>
        </test-method> <!-- setUp -->
        <test-method signature="RegisterTestFailed()[pri:0, instance:unitTest.UserTest@3c3d9b6b]" started-at="2023-02-16T15:37:43 ICT" name="RegisterTestFailed" finished-at="2023-02-16T15:37:43 ICT" duration-ms="63" status="PASS">
          <reporter-output>
          </reporter-output>
        </test-method> <!-- RegisterTestFailed -->
        <test-method signature="RegisterTestSuccessful()[pri:0, instance:unitTest.UserTest@3c3d9b6b]" started-at="2023-02-16T15:37:43 ICT" name="RegisterTestSuccessful" finished-at="2023-02-16T15:37:43 ICT" duration-ms="6" status="PASS">
          <reporter-output>
          </reporter-output>
        </test-method> <!-- RegisterTestSuccessful -->
        <test-method signature="changePasswordTestFailed()[pri:0, instance:unitTest.UserTest@3c3d9b6b]" started-at="2023-02-16T15:37:43 ICT" name="changePasswordTestFailed" finished-at="2023-02-16T15:37:43 ICT" duration-ms="8" status="PASS">
          <reporter-output>
          </reporter-output>
        </test-method> <!-- changePasswordTestFailed -->
        <test-method signature="changePasswordTestSuccessful()[pri:0, instance:unitTest.UserTest@3c3d9b6b]" started-at="2023-02-16T15:37:43 ICT" name="changePasswordTestSuccessful" finished-at="2023-02-16T15:37:43 ICT" duration-ms="5" status="PASS">
          <reporter-output>
          </reporter-output>
        </test-method> <!-- changePasswordTestSuccessful -->
      </class> <!-- unitTest.UserTest -->
    </test> <!-- C:/Users/NhatAnh/Desktop/IdeaProjects/bookstore -->
  </suite> <!-- All Test Suite -->
</testng-results>
